Using pre-set license

 COMMAND LINE ARGUMENTS:
/Applications/Unity/Hub/Editor/2020.2.1f1/Unity.app/Contents/MacOS/Unity
-adb2
-batchMode
-noUpm
-name
AssetImportWorker0
-projectPath
/Users/ootaryuunosuke/Desktop/Desktop/Unity/Bloom
-logFile
Logs/AssetImportWorker0.log
-srvPort
51147
Successfully changed project path to: /Users/ootaryuunosuke/Desktop/Desktop/Unity/Bloom
/Users/ootaryuunosuke/Desktop/Desktop/Unity/Bloom
Using Asset Import Pipeline V2.
Refreshing native plugins compatible for Editor in 24.90 ms, found 1 plugins.
Preloading 0 native plugins for Editor in 0.00 ms.
Initialize engine version: 2020.2.1f1 (270dd8c3da1c)
[Subsystems] Discovering subsystems at path /Applications/Unity/Hub/Editor/2020.2.1f1/Unity.app/Contents/Resources/UnitySubsystems
[Subsystems] Discovering subsystems at path /Users/ootaryuunosuke/Desktop/Desktop/Unity/Bloom/Assets
GfxDevice: creating device client; threaded=0
2021-05-30 15:33:12.443 Unity[1769:71425] Color LCD preferred device: AMD Radeon Pro 5500M (high power)
2021-05-30 15:33:12.443 Unity[1769:71425] Metal devices available: 2
2021-05-30 15:33:12.443 Unity[1769:71425] 0: AMD Radeon Pro 5500M (high power)
2021-05-30 15:33:12.443 Unity[1769:71425] 1: Intel(R) UHD Graphics 630 (low power)
2021-05-30 15:33:12.444 Unity[1769:71425] Using device AMD Radeon Pro 5500M (high power)
Initializing Metal device caps: AMD Radeon Pro 5500M
Initialize mono
Mono path[0] = '/Applications/Unity/Hub/Editor/2020.2.1f1/Unity.app/Contents/Managed'
Mono path[1] = '/Applications/Unity/Hub/Editor/2020.2.1f1/Unity.app/Contents/MonoBleedingEdge/lib/mono/unityjit'
Mono config path = '/Applications/Unity/Hub/Editor/2020.2.1f1/Unity.app/Contents/MonoBleedingEdge/etc'
Using monoOptions --debugger-agent=transport=dt_socket,embedding=1,server=y,suspend=n,address=127.0.0.1:56769
Begin MonoManager ReloadAssembly
Registering precompiled unity dll's ...
Register platform support module: /Applications/Unity/Hub/Editor/2020.2.1f1/Unity.app/Contents/PlaybackEngines/MacStandaloneSupport/UnityEditor.OSXStandalone.Extensions.dll
Registered in 0.000818 seconds.
Native extension for OSXStandalone target not found
Refreshing native plugins compatible for Editor in 23.29 ms, found 1 plugins.
Preloading 0 native plugins for Editor in 0.00 ms.
Invoked RoslynAnalysisRunner static constructor.
RoslynAnalysisRunner will not be running.
RoslynAnalysisRunner has terminated.
Mono: successfully reloaded assembly
- Completed reload, in  1.757 seconds
Platform modules already initialized, skipping
Registering precompiled user dll's ...
Registered in 0.000314 seconds.
Begin MonoManager ReloadAssembly
Native extension for OSXStandalone target not found
Refreshing native plugins compatible for Editor in 0.20 ms, found 1 plugins.
Preloading 0 native plugins for Editor in 0.00 ms.
Invoked RoslynAnalysisRunner static constructor.
RoslynAnalysisRunner will not be running.
RoslynAnalysisRunner has terminated.
Mono: successfully reloaded assembly
- Completed reload, in  0.928 seconds
Platform modules already initialized, skipping
========================================================================
Worker process is ready to serve import requests
Launching external process: /Applications/Unity/Hub/Editor/2020.2.1f1/Unity.app/Contents/Tools/UnityShaderCompiler
Launched and connected shader compiler UnityShaderCompiler after 0.02 seconds
Refreshing native plugins compatible for Editor in 0.21 ms, found 1 plugins.
Preloading 0 native plugins for Editor in 0.00 ms.
Unloading 1214 Unused Serialized files (Serialized files now loaded: 0)
System memory in use before: 123.5 MB.
System memory in use after: 123.5 MB.

Unloading 10 unused Assets to reduce memory usage. Loaded Objects now: 1655.
Total: 2.235872 ms (FindLiveObjects: 0.209240 ms CreateObjectMapping: 0.063664 ms MarkObjects: 1.867054 ms  DeleteObjects: 0.094529 ms)

========================================================================
Received Import Request.
  path: Assets/Material
  artifactKey: Guid(37c9044df0b9d42ae9c5cf3318a7a8aa) Importer(815301076,1909f56bfc062723c751e8b465ee728b)
Start importing Assets/Material using Guid(37c9044df0b9d42ae9c5cf3318a7a8aa) Importer(815301076,1909f56bfc062723c751e8b465ee728b)  -> (artifact id: '2d9630a9ebc35dc1cae4ab6b08940f55') in 0.004783 seconds
  Import took 0.007287 seconds .

